<?xml version="1.0" encoding="UTF-8"?>
<robot generator="Robot 6.0.2 (Python 3.10.6 on linux)" generated="20230615 23:22:44.581" rpa="false" schemaversion="3">
<suite id="s1" name="Task 5" source="/home/farhana/Desktop/robot-framework-test/task/task_5.robot">
<test id="s1-t1" name="virtual" line="32">
<kw name="Open Browser" library="SeleniumLibrary">
<arg>https://app.deriv.com</arg>
<arg>chrome</arg>
<doc>Opens a new browser instance to the optional ``url``.</doc>
<msg timestamp="20230615 23:22:44.693" level="INFO">Opening browser 'chrome' to base url 'https://app.deriv.com'.</msg>
<status status="PASS" starttime="20230615 23:22:44.693" endtime="20230615 23:22:48.163"/>
</kw>
<kw name="Set Window Size" library="SeleniumLibrary">
<arg>1280</arg>
<arg>1024</arg>
<doc>Sets current windows size to given ``width`` and ``height``.</doc>
<status status="PASS" starttime="20230615 23:22:48.163" endtime="20230615 23:22:48.277"/>
</kw>
<kw name="Set Selenium Speed" library="SeleniumLibrary">
<arg>0.5 seconds</arg>
<doc>Sets the delay that is waited after each Selenium command.</doc>
<status status="PASS" starttime="20230615 23:22:48.277" endtime="20230615 23:22:48.278"/>
</kw>
<kw name="Wait Until Page Contains Element" library="SeleniumLibrary">
<arg>dt_login_button</arg>
<arg>10</arg>
<doc>Waits until the element ``locator`` appears on the current page.</doc>
<status status="PASS" starttime="20230615 23:22:48.278" endtime="20230615 23:22:48.811"/>
</kw>
<kw name="Click Element" library="SeleniumLibrary">
<arg>dt_login_button</arg>
<doc>Click the element identified by ``locator``.</doc>
<msg timestamp="20230615 23:22:48.812" level="INFO">Clicking element 'dt_login_button'.</msg>
<status status="PASS" starttime="20230615 23:22:48.811" endtime="20230615 23:22:52.623"/>
</kw>
<kw name="Wait Until Page Contains Element" library="SeleniumLibrary">
<arg>txtEmail</arg>
<arg>10</arg>
<doc>Waits until the element ``locator`` appears on the current page.</doc>
<status status="PASS" starttime="20230615 23:22:52.623" endtime="20230615 23:22:53.147"/>
</kw>
<kw name="Input Text" library="SeleniumLibrary">
<arg>txtEmail</arg>
<arg>farhana+1@besquare.com.my</arg>
<doc>Types the given ``text`` into the text field identified by ``locator``.</doc>
<msg timestamp="20230615 23:22:53.148" level="INFO">Typing text 'farhana+1@besquare.com.my' into text field 'txtEmail'.</msg>
<status status="PASS" starttime="20230615 23:22:53.147" endtime="20230615 23:22:54.757"/>
</kw>
<kw name="Input Password" library="SeleniumLibrary">
<arg>txtPass</arg>
<arg>Farhana99</arg>
<doc>Types the given password into the text field identified by ``locator``.</doc>
<msg timestamp="20230615 23:22:54.758" level="INFO">Typing password into text field 'txtPass'.</msg>
<msg timestamp="20230615 23:22:55.790" level="INFO">Temporally setting log level to: NONE</msg>
<msg timestamp="20230615 23:22:56.332" level="INFO">Log level changed from NONE to INFO.</msg>
<status status="PASS" starttime="20230615 23:22:54.758" endtime="20230615 23:22:56.332"/>
</kw>
<kw name="Click Element" library="SeleniumLibrary">
<arg>//button[@name="login"]</arg>
<doc>Click the element identified by ``locator``.</doc>
<msg timestamp="20230615 23:22:56.334" level="INFO">Clicking element '//button[@name="login"]'.</msg>
<status status="PASS" starttime="20230615 23:22:56.332" endtime="20230615 23:22:59.829"/>
</kw>
<kw name="Wait Until Page Contains Element" library="SeleniumLibrary">
<arg>${dropdown}</arg>
<arg>10</arg>
<doc>Waits until the element ``locator`` appears on the current page.</doc>
<status status="PASS" starttime="20230615 23:22:59.829" endtime="20230615 23:23:00.431"/>
</kw>
<kw name="Click Element" library="SeleniumLibrary">
<arg>${dropdown}</arg>
<doc>Click the element identified by ``locator``.</doc>
<msg timestamp="20230615 23:23:00.432" level="INFO">Clicking element '//*[@id="dropdown-display"]'.</msg>
<status status="PASS" starttime="20230615 23:23:00.431" endtime="20230615 23:23:01.489"/>
</kw>
<kw name="Wait Until Page Contains Element" library="SeleniumLibrary">
<arg>${demo_dropdown}</arg>
<arg>10</arg>
<doc>Waits until the element ``locator`` appears on the current page.</doc>
<status status="PASS" starttime="20230615 23:23:01.489" endtime="20230615 23:23:02.010"/>
</kw>
<kw name="Wait Until Page Contains Element" library="SeleniumLibrary">
<arg>${demo}</arg>
<arg>10</arg>
<doc>Waits until the element ``locator`` appears on the current page.</doc>
<status status="PASS" starttime="20230615 23:23:02.011" endtime="20230615 23:23:02.533"/>
</kw>
<kw name="Click Element" library="SeleniumLibrary">
<arg>${demo}</arg>
<doc>Click the element identified by ``locator``.</doc>
<msg timestamp="20230615 23:23:02.535" level="INFO">Clicking element '//*[@id="demo"]'.</msg>
<status status="PASS" starttime="20230615 23:23:02.534" endtime="20230615 23:23:03.598"/>
</kw>
<kw name="Wait Until Page Contains Element" library="SeleniumLibrary">
<arg>${demo_text}</arg>
<arg>10</arg>
<doc>Waits until the element ``locator`` appears on the current page.</doc>
<status status="PASS" starttime="20230615 23:23:03.599" endtime="20230615 23:23:04.111"/>
</kw>
<kw name="Wait Until Page Contains Element" library="SeleniumLibrary">
<arg>${trader_btn}</arg>
<arg>10</arg>
<doc>Waits until the element ``locator`` appears on the current page.</doc>
<status status="PASS" starttime="20230615 23:23:04.112" endtime="20230615 23:23:04.636"/>
</kw>
<kw name="Click Element" library="SeleniumLibrary">
<arg>${trader_btn}</arg>
<doc>Click the element identified by ``locator``.</doc>
<msg timestamp="20230615 23:23:04.636" level="INFO">Clicking element '//*[text()="Deriv Trader"]//following::button[1]'.</msg>
<status status="PASS" starttime="20230615 23:23:04.636" endtime="20230615 23:23:05.703"/>
</kw>
<kw name="Wait Until Page Does Not Contain Element" library="SeleniumLibrary">
<arg>${chart_loader}</arg>
<arg>40</arg>
<doc>Waits until the element ``locator`` disappears from the current page.</doc>
<status status="PASS" starttime="20230615 23:23:05.704" endtime="20230615 23:23:09.104"/>
</kw>
<kw name="Wait Until Page Contains Element" library="SeleniumLibrary">
<arg>${dropdown_chart}</arg>
<arg>30</arg>
<doc>Waits until the element ``locator`` appears on the current page.</doc>
<status status="PASS" starttime="20230615 23:23:09.104" endtime="20230615 23:23:09.624"/>
</kw>
<kw name="Click Element" library="SeleniumLibrary">
<arg>${dropdown_chart}</arg>
<doc>Click the element identified by ``locator``.</doc>
<msg timestamp="20230615 23:23:09.625" level="INFO">Clicking element '//*[@class="ic-icon cq-symbol-dropdown"]'.</msg>
<status status="PASS" starttime="20230615 23:23:09.625" endtime="20230615 23:23:10.682"/>
</kw>
<kw name="Wait Until Page Contains Element" library="SeleniumLibrary">
<arg>${market_type}</arg>
<arg>10</arg>
<doc>Waits until the element ``locator`` appears on the current page.</doc>
<status status="PASS" starttime="20230615 23:23:10.682" endtime="20230615 23:23:11.208"/>
</kw>
<kw name="Click Element" library="SeleniumLibrary">
<arg>${market_type}</arg>
<doc>Click the element identified by ``locator``.</doc>
<msg timestamp="20230615 23:23:11.209" level="INFO">Clicking element '//*[@class="sc-mcd__filter__item sc-mcd__filter__item--selected"]'.</msg>
<status status="PASS" starttime="20230615 23:23:11.209" endtime="20230615 23:23:12.271"/>
</kw>
<kw name="Click Element" library="SeleniumLibrary">
<arg>//*[@class="sc-mcd__item sc-mcd__item--R_50 "]</arg>
<doc>Click the element identified by ``locator``.</doc>
<msg timestamp="20230615 23:23:12.272" level="INFO">Clicking element '//*[@class="sc-mcd__item sc-mcd__item--R_50 "]'.</msg>
<status status="PASS" starttime="20230615 23:23:12.271" endtime="20230615 23:23:13.376"/>
</kw>
<kw name="Wait Until Page Contains Element" library="SeleniumLibrary">
<arg>${contract_dropdwn}</arg>
<arg>10</arg>
<doc>Waits until the element ``locator`` appears on the current page.</doc>
<status status="PASS" starttime="20230615 23:23:13.376" endtime="20230615 23:23:13.888"/>
</kw>
<kw name="Click Element" library="SeleniumLibrary">
<arg>${contract_dropdwn}</arg>
<doc>Click the element identified by ``locator``.</doc>
<msg timestamp="20230615 23:23:13.889" level="INFO">Clicking element '//*[@id="dt_contract_dropdown"]'.</msg>
<status status="PASS" starttime="20230615 23:23:13.888" endtime="20230615 23:23:14.957"/>
</kw>
<kw name="Wait Until Page Contains Element" library="SeleniumLibrary">
<arg>${multiplier}</arg>
<arg>10</arg>
<doc>Waits until the element ``locator`` appears on the current page.</doc>
<status status="PASS" starttime="20230615 23:23:14.958" endtime="20230615 23:23:15.474"/>
</kw>
<kw name="Click Element" library="SeleniumLibrary">
<arg>${multiplier}</arg>
<doc>Click the element identified by ``locator``.</doc>
<msg timestamp="20230615 23:23:15.476" level="INFO">Clicking element '//*[@id="dt_contract_multiplier_item"]'.</msg>
<status status="PASS" starttime="20230615 23:23:15.475" endtime="20230615 23:23:16.585"/>
</kw>
<kw name="Wait Until Page Contains Element" library="SeleniumLibrary">
<arg>//*[@value="multiplier"]</arg>
<arg>10</arg>
<doc>Waits until the element ``locator`` appears on the current page.</doc>
<status status="PASS" starttime="20230615 23:23:16.585" endtime="20230615 23:23:17.106"/>
</kw>
<kw name="Page Should Contain" library="SeleniumLibrary">
<arg>"Stake"</arg>
<doc>Verifies that current page contains ``text``.</doc>
<msg timestamp="20230615 23:23:18.144" level="INFO">Current page contains text '"Stake"'.</msg>
<status status="PASS" starttime="20230615 23:23:17.106" endtime="20230615 23:23:18.145"/>
</kw>
<kw name="Page Should Not Contain" library="SeleniumLibrary">
<arg>"Payout"</arg>
<doc>Verifies the current page does not contain ``text``.</doc>
<msg timestamp="20230615 23:23:25.883" level="INFO">Current page does not contain text '"Payout"'.</msg>
<status status="PASS" starttime="20230615 23:23:18.145" endtime="20230615 23:23:25.884"/>
</kw>
<kw name="Click Element" library="SeleniumLibrary">
<arg>${takeprofit}</arg>
<doc>Click the element identified by ``locator``.</doc>
<msg timestamp="20230615 23:23:25.885" level="INFO">Clicking element '//*[@class="dc-checkbox take_profit-checkbox__input"]'.</msg>
<status status="PASS" starttime="20230615 23:23:25.884" endtime="20230615 23:23:26.961"/>
</kw>
<kw name="Checkbox Should Be Selected" library="SeleniumLibrary">
<arg>${takeprofit_cb}</arg>
<doc>Verifies checkbox ``locator`` is selected/checked.</doc>
<msg timestamp="20230615 23:23:26.961" level="INFO">Verifying checkbox '//*[@id="dc_take_profit-checkbox_input"]' is selected.</msg>
<status status="PASS" starttime="20230615 23:23:26.961" endtime="20230615 23:23:29.030"/>
</kw>
<kw name="Checkbox Should Not Be Selected" library="SeleniumLibrary">
<arg>${stoploss_cb}</arg>
<doc>Verifies checkbox ``locator`` is not selected/checked.</doc>
<msg timestamp="20230615 23:23:29.031" level="INFO">Verifying checkbox '//*[@id="dc_stop_loss-checkbox_input"]' is not selected.</msg>
<status status="PASS" starttime="20230615 23:23:29.030" endtime="20230615 23:23:31.094"/>
</kw>
<kw name="Checkbox Should Not Be Selected" library="SeleniumLibrary">
<arg>${cancel_cb}</arg>
<doc>Verifies checkbox ``locator`` is not selected/checked.</doc>
<msg timestamp="20230615 23:23:31.095" level="INFO">Verifying checkbox '//*[@id="dt_cancellation-checkbox_input"]' is not selected.</msg>
<status status="PASS" starttime="20230615 23:23:31.094" endtime="20230615 23:23:33.155"/>
</kw>
<kw name="Click Element" library="SeleniumLibrary">
<arg>${stoploss}</arg>
<doc>Click the element identified by ``locator``.</doc>
<msg timestamp="20230615 23:23:33.156" level="INFO">Clicking element '//*[@class="dc-checkbox stop_loss-checkbox__input"]'.</msg>
<status status="PASS" starttime="20230615 23:23:33.156" endtime="20230615 23:23:34.254"/>
</kw>
<kw name="Checkbox Should Be Selected" library="SeleniumLibrary">
<arg>${stoploss_cb}</arg>
<doc>Verifies checkbox ``locator`` is selected/checked.</doc>
<msg timestamp="20230615 23:23:34.255" level="INFO">Verifying checkbox '//*[@id="dc_stop_loss-checkbox_input"]' is selected.</msg>
<status status="PASS" starttime="20230615 23:23:34.254" endtime="20230615 23:23:36.306"/>
</kw>
<kw name="Checkbox Should Not Be Selected" library="SeleniumLibrary">
<arg>${cancel_cb}</arg>
<doc>Verifies checkbox ``locator`` is not selected/checked.</doc>
<msg timestamp="20230615 23:23:36.307" level="INFO">Verifying checkbox '//*[@id="dt_cancellation-checkbox_input"]' is not selected.</msg>
<status status="PASS" starttime="20230615 23:23:36.306" endtime="20230615 23:23:38.366"/>
</kw>
<kw name="Click Element" library="SeleniumLibrary">
<arg>${cancel}</arg>
<doc>Click the element identified by ``locator``.</doc>
<msg timestamp="20230615 23:23:38.367" level="INFO">Clicking element '//label[@for="dt_cancellation-checkbox_input"]'.</msg>
<status status="PASS" starttime="20230615 23:23:38.366" endtime="20230615 23:23:39.482"/>
</kw>
<kw name="Checkbox Should Be Selected" library="SeleniumLibrary">
<arg>${cancel_cb}</arg>
<doc>Verifies checkbox ``locator`` is selected/checked.</doc>
<msg timestamp="20230615 23:23:39.484" level="INFO">Verifying checkbox '//*[@id="dt_cancellation-checkbox_input"]' is selected.</msg>
<status status="PASS" starttime="20230615 23:23:39.483" endtime="20230615 23:23:41.554"/>
</kw>
<kw name="Checkbox Should Not Be Selected" library="SeleniumLibrary">
<arg>${takeprofit_cb}</arg>
<doc>Verifies checkbox ``locator`` is not selected/checked.</doc>
<msg timestamp="20230615 23:23:41.555" level="INFO">Verifying checkbox '//*[@id="dc_take_profit-checkbox_input"]' is not selected.</msg>
<status status="PASS" starttime="20230615 23:23:41.554" endtime="20230615 23:23:43.613"/>
</kw>
<kw name="Checkbox Should Not Be Selected" library="SeleniumLibrary">
<arg>${stoploss_cb}</arg>
<doc>Verifies checkbox ``locator`` is not selected/checked.</doc>
<msg timestamp="20230615 23:23:43.614" level="INFO">Verifying checkbox '//*[@id="dc_stop_loss-checkbox_input"]' is not selected.</msg>
<status status="PASS" starttime="20230615 23:23:43.613" endtime="20230615 23:23:45.655"/>
</kw>
<kw name="Click Element" library="SeleniumLibrary">
<arg>//*[@class="dc-dropdown__container"]</arg>
<doc>Click the element identified by ``locator``.</doc>
<msg timestamp="20230615 23:23:45.656" level="INFO">Clicking element '//*[@class="dc-dropdown__container"]'.</msg>
<status status="PASS" starttime="20230615 23:23:45.655" endtime="20230615 23:23:46.726"/>
</kw>
<kw name="Page Should Contain" library="SeleniumLibrary">
<arg>"x20"</arg>
<doc>Verifies that current page contains ``text``.</doc>
<msg timestamp="20230615 23:23:47.771" level="INFO">Current page contains text '"x20"'.</msg>
<status status="PASS" starttime="20230615 23:23:46.727" endtime="20230615 23:23:47.771"/>
</kw>
<kw name="Page Should Contain" library="SeleniumLibrary">
<arg>"x40"</arg>
<doc>Verifies that current page contains ``text``.</doc>
<msg timestamp="20230615 23:23:48.795" level="INFO">Current page contains text '"x40"'.</msg>
<status status="PASS" starttime="20230615 23:23:47.771" endtime="20230615 23:23:48.795"/>
</kw>
<kw name="Page Should Contain" library="SeleniumLibrary">
<arg>"x60"</arg>
<doc>Verifies that current page contains ``text``.</doc>
<msg timestamp="20230615 23:23:49.838" level="INFO">Current page contains text '"x60"'.</msg>
<status status="PASS" starttime="20230615 23:23:48.796" endtime="20230615 23:23:49.839"/>
</kw>
<kw name="Page Should Contain" library="SeleniumLibrary">
<arg>"x100"</arg>
<doc>Verifies that current page contains ``text``.</doc>
<msg timestamp="20230615 23:23:50.872" level="INFO">Current page contains text '"x100"'.</msg>
<status status="PASS" starttime="20230615 23:23:49.839" endtime="20230615 23:23:50.872"/>
</kw>
<kw name="Page Should Contain" library="SeleniumLibrary">
<arg>"x200"</arg>
<doc>Verifies that current page contains ``text``.</doc>
<msg timestamp="20230615 23:23:51.899" level="INFO">Current page contains text '"x200"'.</msg>
<status status="PASS" starttime="20230615 23:23:50.873" endtime="20230615 23:23:51.900"/>
</kw>
<kw name="Press Keys" library="SeleniumLibrary">
<arg>${payout_input}</arg>
<arg>CTRL+a+BACKSPACE</arg>
<doc>Simulates the user pressing key(s) to an element or on the active browser.</doc>
<msg timestamp="20230615 23:23:51.901" level="INFO">Sending key(s) ('CTRL+a+BACKSPACE',) to //*[@id="dt_amount_input"] element.</msg>
<msg timestamp="20230615 23:23:53.224" level="INFO">Pressing special key CONTROL down.</msg>
<msg timestamp="20230615 23:23:53.225" level="INFO">Sending key a</msg>
<msg timestamp="20230615 23:23:53.225" level="INFO">Pressing special key BACKSPACE down.</msg>
<msg timestamp="20230615 23:23:53.225" level="INFO">Releasing special key CONTROL.</msg>
<msg timestamp="20230615 23:23:53.225" level="INFO">Releasing special key BACKSPACE.</msg>
<status status="PASS" starttime="20230615 23:23:51.900" endtime="20230615 23:23:53.793"/>
</kw>
<kw name="Input Text" library="SeleniumLibrary">
<arg>${payout_input}</arg>
<arg>1</arg>
<doc>Types the given ``text`` into the text field identified by ``locator``.</doc>
<msg timestamp="20230615 23:23:53.794" level="INFO">Typing text '1' into text field '//*[@id="dt_amount_input"]'.</msg>
<status status="PASS" starttime="20230615 23:23:53.793" endtime="20230615 23:23:55.418"/>
</kw>
<kw name="Wait Until Element Is Visible" library="SeleniumLibrary">
<arg>${fee}</arg>
<arg>20</arg>
<doc>Waits until the element ``locator`` is visible.</doc>
<status status="PASS" starttime="20230615 23:23:55.419" endtime="20230615 23:23:57.182"/>
</kw>
<kw name="Get Text" library="SeleniumLibrary">
<var>${cancel_fee}</var>
<arg>${fee}</arg>
<doc>Returns the text value of the element identified by ``locator``.</doc>
<msg timestamp="20230615 23:23:58.231" level="INFO">${cancel_fee} = 0.04 USD</msg>
<status status="PASS" starttime="20230615 23:23:57.183" endtime="20230615 23:23:58.231"/>
</kw>
<kw name="Set Variable" library="BuiltIn">
<var>${cancel_fee}</var>
<arg>${cancel_fee[:-4]}</arg>
<doc>Returns the given values which can then be assigned to a variables.</doc>
<msg timestamp="20230615 23:23:58.233" level="INFO">${cancel_fee} = 0.04</msg>
<status status="PASS" starttime="20230615 23:23:58.232" endtime="20230615 23:23:58.233"/>
</kw>
<kw name="Log To Console" library="BuiltIn">
<arg>${cancel_fee}</arg>
<doc>Logs the given message to the console.</doc>
<status status="PASS" starttime="20230615 23:23:58.233" endtime="20230615 23:23:58.234"/>
</kw>
<kw name="Press Keys" library="SeleniumLibrary">
<arg>${payout_input}</arg>
<arg>CTRL+a+BACKSPACE</arg>
<doc>Simulates the user pressing key(s) to an element or on the active browser.</doc>
<msg timestamp="20230615 23:23:58.235" level="INFO">Sending key(s) ('CTRL+a+BACKSPACE',) to //*[@id="dt_amount_input"] element.</msg>
<msg timestamp="20230615 23:23:59.527" level="INFO">Pressing special key CONTROL down.</msg>
<msg timestamp="20230615 23:23:59.528" level="INFO">Sending key a</msg>
<msg timestamp="20230615 23:23:59.528" level="INFO">Pressing special key BACKSPACE down.</msg>
<msg timestamp="20230615 23:23:59.528" level="INFO">Releasing special key CONTROL.</msg>
<msg timestamp="20230615 23:23:59.528" level="INFO">Releasing special key BACKSPACE.</msg>
<status status="PASS" starttime="20230615 23:23:58.234" endtime="20230615 23:24:00.070"/>
</kw>
<kw name="Input Text" library="SeleniumLibrary">
<arg>${payout_input}</arg>
<arg>2</arg>
<doc>Types the given ``text`` into the text field identified by ``locator``.</doc>
<msg timestamp="20230615 23:24:00.072" level="INFO">Typing text '2' into text field '//*[@id="dt_amount_input"]'.</msg>
<status status="PASS" starttime="20230615 23:24:00.071" endtime="20230615 23:24:01.667"/>
</kw>
<kw name="Wait Until Element Is Visible" library="SeleniumLibrary">
<arg>${fee}</arg>
<arg>20</arg>
<doc>Waits until the element ``locator`` is visible.</doc>
<status status="PASS" starttime="20230615 23:24:01.667" endtime="20230615 23:24:03.442"/>
</kw>
<kw name="Get Text" library="SeleniumLibrary">
<var>${updated_fee}</var>
<arg>${fee}</arg>
<doc>Returns the text value of the element identified by ``locator``.</doc>
<msg timestamp="20230615 23:24:04.479" level="INFO">${updated_fee} = 0.08 USD</msg>
<status status="PASS" starttime="20230615 23:24:03.443" endtime="20230615 23:24:04.479"/>
</kw>
<kw name="Set Variable" library="BuiltIn">
<var>${updated_fee}</var>
<arg>${updated_fee[:-4]}</arg>
<doc>Returns the given values which can then be assigned to a variables.</doc>
<msg timestamp="20230615 23:24:04.480" level="INFO">${updated_fee} = 0.08</msg>
<status status="PASS" starttime="20230615 23:24:04.479" endtime="20230615 23:24:04.480"/>
</kw>
<kw name="Log To Console" library="BuiltIn">
<arg>${updated_fee}</arg>
<doc>Logs the given message to the console.</doc>
<status status="PASS" starttime="20230615 23:24:04.481" endtime="20230615 23:24:04.481"/>
</kw>
<kw name="Should Be True" library="BuiltIn">
<arg>${updated_fee} &gt; ${cancel_fee}</arg>
<doc>Fails if the given condition is not true.</doc>
<status status="PASS" starttime="20230615 23:24:04.481" endtime="20230615 23:24:04.482"/>
</kw>
<kw name="Click Element" library="SeleniumLibrary">
<arg>${payout_input}</arg>
<doc>Click the element identified by ``locator``.</doc>
<msg timestamp="20230615 23:24:04.483" level="INFO">Clicking element '//*[@id="dt_amount_input"]'.</msg>
<status status="PASS" starttime="20230615 23:24:04.482" endtime="20230615 23:24:05.540"/>
</kw>
<kw name="Press Keys" library="SeleniumLibrary">
<arg>${payout_input}</arg>
<arg>CTRL+a+BACKSPACE</arg>
<doc>Simulates the user pressing key(s) to an element or on the active browser.</doc>
<msg timestamp="20230615 23:24:05.541" level="INFO">Sending key(s) ('CTRL+a+BACKSPACE',) to //*[@id="dt_amount_input"] element.</msg>
<msg timestamp="20230615 23:24:06.842" level="INFO">Pressing special key CONTROL down.</msg>
<msg timestamp="20230615 23:24:06.842" level="INFO">Sending key a</msg>
<msg timestamp="20230615 23:24:06.843" level="INFO">Pressing special key BACKSPACE down.</msg>
<msg timestamp="20230615 23:24:06.843" level="INFO">Releasing special key CONTROL.</msg>
<msg timestamp="20230615 23:24:06.843" level="INFO">Releasing special key BACKSPACE.</msg>
<status status="PASS" starttime="20230615 23:24:05.540" endtime="20230615 23:24:07.378"/>
</kw>
<kw name="Input Text" library="SeleniumLibrary">
<arg>${payout_input}</arg>
<arg>2001</arg>
<doc>Types the given ``text`` into the text field identified by ``locator``.</doc>
<msg timestamp="20230615 23:24:07.379" level="INFO">Typing text '2001' into text field '//*[@id="dt_amount_input"]'.</msg>
<status status="PASS" starttime="20230615 23:24:07.378" endtime="20230615 23:24:09.009"/>
</kw>
<kw name="Wait Until Page Contains Element" library="SeleniumLibrary">
<arg>${payout_container}</arg>
<arg>20</arg>
<doc>Waits until the element ``locator`` appears on the current page.</doc>
<status status="PASS" starttime="20230615 23:24:09.009" endtime="20230615 23:24:09.538"/>
</kw>
<kw name="Element Should Be Disabled" library="SeleniumLibrary">
<arg>${up_btn}</arg>
<doc>Verifies that element identified by ``locator`` is disabled.</doc>
<status status="PASS" starttime="20230615 23:24:09.539" endtime="20230615 23:24:10.584"/>
</kw>
<kw name="Element Should Be Disabled" library="SeleniumLibrary">
<arg>${down_btn}</arg>
<doc>Verifies that element identified by ``locator`` is disabled.</doc>
<status status="PASS" starttime="20230615 23:24:10.584" endtime="20230615 23:24:11.621"/>
</kw>
<kw name="Wait Until Page Contains Element" library="SeleniumLibrary">
<arg>${payout_container}</arg>
<arg>20</arg>
<doc>Waits until the element ``locator`` appears on the current page.</doc>
<status status="PASS" starttime="20230615 23:24:11.621" endtime="20230615 23:24:12.142"/>
</kw>
<kw name="Press Keys" library="SeleniumLibrary">
<arg>${payout_input}</arg>
<arg>CTRL+a+BACKSPACE</arg>
<doc>Simulates the user pressing key(s) to an element or on the active browser.</doc>
<msg timestamp="20230615 23:24:12.143" level="INFO">Sending key(s) ('CTRL+a+BACKSPACE',) to //*[@id="dt_amount_input"] element.</msg>
<msg timestamp="20230615 23:24:13.458" level="INFO">Pressing special key CONTROL down.</msg>
<msg timestamp="20230615 23:24:13.458" level="INFO">Sending key a</msg>
<msg timestamp="20230615 23:24:13.458" level="INFO">Pressing special key BACKSPACE down.</msg>
<msg timestamp="20230615 23:24:13.458" level="INFO">Releasing special key CONTROL.</msg>
<msg timestamp="20230615 23:24:13.459" level="INFO">Releasing special key BACKSPACE.</msg>
<status status="PASS" starttime="20230615 23:24:12.142" endtime="20230615 23:24:14.003"/>
</kw>
<kw name="Input Text" library="SeleniumLibrary">
<arg>${payout_input}</arg>
<arg>2000</arg>
<doc>Types the given ``text`` into the text field identified by ``locator``.</doc>
<msg timestamp="20230615 23:24:14.004" level="INFO">Typing text '2000' into text field '//*[@id="dt_amount_input"]'.</msg>
<status status="PASS" starttime="20230615 23:24:14.003" endtime="20230615 23:24:15.606"/>
</kw>
<kw name="Wait Until Page Contains Element" library="SeleniumLibrary">
<arg>${payout_container}</arg>
<arg>20</arg>
<doc>Waits until the element ``locator`` appears on the current page.</doc>
<status status="PASS" starttime="20230615 23:24:15.606" endtime="20230615 23:24:16.129"/>
</kw>
<kw name="Element Should Be Enabled" library="SeleniumLibrary">
<arg>${up_btn}</arg>
<doc>Verifies that element identified by ``locator`` is enabled.</doc>
<status status="PASS" starttime="20230615 23:24:16.129" endtime="20230615 23:24:17.687"/>
</kw>
<kw name="Element Should Be Enabled" library="SeleniumLibrary">
<arg>${down_btn}</arg>
<doc>Verifies that element identified by ``locator`` is enabled.</doc>
<status status="PASS" starttime="20230615 23:24:17.688" endtime="20230615 23:24:19.230"/>
</kw>
<kw name="Click Element" library="SeleniumLibrary">
<arg>${payout_input}</arg>
<doc>Click the element identified by ``locator``.</doc>
<msg timestamp="20230615 23:24:19.232" level="INFO">Clicking element '//*[@id="dt_amount_input"]'.</msg>
<status status="PASS" starttime="20230615 23:24:19.231" endtime="20230615 23:24:20.290"/>
</kw>
<kw name="Press Keys" library="SeleniumLibrary">
<arg>${payout_input}</arg>
<arg>CTRL+a+BACKSPACE</arg>
<doc>Simulates the user pressing key(s) to an element or on the active browser.</doc>
<msg timestamp="20230615 23:24:20.291" level="INFO">Sending key(s) ('CTRL+a+BACKSPACE',) to //*[@id="dt_amount_input"] element.</msg>
<msg timestamp="20230615 23:24:21.585" level="INFO">Pressing special key CONTROL down.</msg>
<msg timestamp="20230615 23:24:21.586" level="INFO">Sending key a</msg>
<msg timestamp="20230615 23:24:21.586" level="INFO">Pressing special key BACKSPACE down.</msg>
<msg timestamp="20230615 23:24:21.586" level="INFO">Releasing special key CONTROL.</msg>
<msg timestamp="20230615 23:24:21.586" level="INFO">Releasing special key BACKSPACE.</msg>
<status status="PASS" starttime="20230615 23:24:20.290" endtime="20230615 23:24:22.113"/>
</kw>
<kw name="Input Text" library="SeleniumLibrary">
<arg>${payout_input}</arg>
<arg>0</arg>
<doc>Types the given ``text`` into the text field identified by ``locator``.</doc>
<msg timestamp="20230615 23:24:22.115" level="INFO">Typing text '0' into text field '//*[@id="dt_amount_input"]'.</msg>
<status status="PASS" starttime="20230615 23:24:22.113" endtime="20230615 23:24:23.709"/>
</kw>
<kw name="Wait Until Page Contains Element" library="SeleniumLibrary">
<arg>${payout_container}</arg>
<arg>20</arg>
<doc>Waits until the element ``locator`` appears on the current page.</doc>
<status status="PASS" starttime="20230615 23:24:23.709" endtime="20230615 23:24:24.235"/>
</kw>
<kw name="Element Should Be Disabled" library="SeleniumLibrary">
<arg>${up_btn}</arg>
<doc>Verifies that element identified by ``locator`` is disabled.</doc>
<status status="PASS" starttime="20230615 23:24:24.235" endtime="20230615 23:24:25.260"/>
</kw>
<kw name="Element Should Be Disabled" library="SeleniumLibrary">
<arg>${down_btn}</arg>
<doc>Verifies that element identified by ``locator`` is disabled.</doc>
<status status="PASS" starttime="20230615 23:24:25.261" endtime="20230615 23:24:26.300"/>
</kw>
<kw name="Wait Until Page Contains Element" library="SeleniumLibrary">
<arg>${payout_container}</arg>
<arg>20</arg>
<doc>Waits until the element ``locator`` appears on the current page.</doc>
<status status="PASS" starttime="20230615 23:24:26.301" endtime="20230615 23:24:26.812"/>
</kw>
<kw name="Press Keys" library="SeleniumLibrary">
<arg>${payout_input}</arg>
<arg>CTRL+a+BACKSPACE</arg>
<doc>Simulates the user pressing key(s) to an element or on the active browser.</doc>
<msg timestamp="20230615 23:24:26.814" level="INFO">Sending key(s) ('CTRL+a+BACKSPACE',) to //*[@id="dt_amount_input"] element.</msg>
<msg timestamp="20230615 23:24:28.114" level="INFO">Pressing special key CONTROL down.</msg>
<msg timestamp="20230615 23:24:28.115" level="INFO">Sending key a</msg>
<msg timestamp="20230615 23:24:28.115" level="INFO">Pressing special key BACKSPACE down.</msg>
<msg timestamp="20230615 23:24:28.115" level="INFO">Releasing special key CONTROL.</msg>
<msg timestamp="20230615 23:24:28.115" level="INFO">Releasing special key BACKSPACE.</msg>
<status status="PASS" starttime="20230615 23:24:26.812" endtime="20230615 23:24:28.653"/>
</kw>
<kw name="Input Text" library="SeleniumLibrary">
<arg>${payout_input}</arg>
<arg>1</arg>
<doc>Types the given ``text`` into the text field identified by ``locator``.</doc>
<msg timestamp="20230615 23:24:28.654" level="INFO">Typing text '1' into text field '//*[@id="dt_amount_input"]'.</msg>
<status status="PASS" starttime="20230615 23:24:28.653" endtime="20230615 23:24:30.243"/>
</kw>
<kw name="Wait Until Page Contains Element" library="SeleniumLibrary">
<arg>${payout_container}</arg>
<arg>20</arg>
<doc>Waits until the element ``locator`` appears on the current page.</doc>
<status status="PASS" starttime="20230615 23:24:30.244" endtime="20230615 23:24:30.765"/>
</kw>
<kw name="Element Should Be Enabled" library="SeleniumLibrary">
<arg>${up_btn}</arg>
<doc>Verifies that element identified by ``locator`` is enabled.</doc>
<status status="PASS" starttime="20230615 23:24:30.765" endtime="20230615 23:24:32.312"/>
</kw>
<kw name="Element Should Be Enabled" library="SeleniumLibrary">
<arg>${down_btn}</arg>
<doc>Verifies that element identified by ``locator`` is enabled.</doc>
<status status="PASS" starttime="20230615 23:24:32.312" endtime="20230615 23:24:33.865"/>
</kw>
<kw name="Wait Until Page Contains Element" library="SeleniumLibrary">
<arg>${payout_container}</arg>
<arg>20</arg>
<doc>Waits until the element ``locator`` appears on the current page.</doc>
<status status="PASS" starttime="20230615 23:24:33.865" endtime="20230615 23:24:34.378"/>
</kw>
<kw name="Click Element" library="SeleniumLibrary">
<arg>${takeprofit}</arg>
<doc>Click the element identified by ``locator``.</doc>
<msg timestamp="20230615 23:24:34.380" level="INFO">Clicking element '//*[@class="dc-checkbox take_profit-checkbox__input"]'.</msg>
<status status="PASS" starttime="20230615 23:24:34.379" endtime="20230615 23:24:35.467"/>
</kw>
<kw name="Click Element" library="SeleniumLibrary">
<arg>//*[@id="dc_take_profit_input_add"]</arg>
<doc>Click the element identified by ``locator``.</doc>
<msg timestamp="20230615 23:24:35.469" level="INFO">Clicking element '//*[@id="dc_take_profit_input_add"]'.</msg>
<status status="PASS" starttime="20230615 23:24:35.468" endtime="20230615 23:24:36.543"/>
</kw>
<kw name="Wait Until Page Contains Element" library="SeleniumLibrary">
<arg>//*[@value="1"]</arg>
<arg>10</arg>
<doc>Waits until the element ``locator`` appears on the current page.</doc>
<status status="PASS" starttime="20230615 23:24:36.543" endtime="20230615 23:24:37.071"/>
</kw>
<kw name="Click Element" library="SeleniumLibrary">
<arg>//*[@id="dc_take_profit_input_sub"]</arg>
<doc>Click the element identified by ``locator``.</doc>
<msg timestamp="20230615 23:24:37.072" level="INFO">Clicking element '//*[@id="dc_take_profit_input_sub"]'.</msg>
<status status="PASS" starttime="20230615 23:24:37.071" endtime="20230615 23:24:38.139"/>
</kw>
<kw name="Wait Until Page Contains Element" library="SeleniumLibrary">
<arg>//*[@value="0"]</arg>
<arg>10</arg>
<doc>Waits until the element ``locator`` appears on the current page.</doc>
<status status="PASS" starttime="20230615 23:24:38.139" endtime="20230615 23:24:38.661"/>
</kw>
<kw name="Click Element" library="SeleniumLibrary">
<arg>${cancel}</arg>
<doc>Click the element identified by ``locator``.</doc>
<msg timestamp="20230615 23:24:38.662" level="INFO">Clicking element '//label[@for="dt_cancellation-checkbox_input"]'.</msg>
<status status="PASS" starttime="20230615 23:24:38.661" endtime="20230615 23:24:39.785"/>
</kw>
<kw name="Click Element" library="SeleniumLibrary">
<arg>//span[@class="dc-text dc-dropdown__display-text" and @name="cancellation_duration"]</arg>
<doc>Click the element identified by ``locator``.</doc>
<msg timestamp="20230615 23:24:39.786" level="INFO">Clicking element '//span[@class="dc-text dc-dropdown__display-text" and @name="cancellation_duration"]'.</msg>
<status status="PASS" starttime="20230615 23:24:39.785" endtime="20230615 23:24:40.862"/>
</kw>
<kw name="Page Should Contain" library="SeleniumLibrary">
<arg>"5 minutes"</arg>
<doc>Verifies that current page contains ``text``.</doc>
<msg timestamp="20230615 23:24:41.907" level="INFO">Current page contains text '"5 minutes"'.</msg>
<status status="PASS" starttime="20230615 23:24:40.862" endtime="20230615 23:24:41.907"/>
</kw>
<kw name="Page Should Contain" library="SeleniumLibrary">
<arg>"10 minutes"</arg>
<doc>Verifies that current page contains ``text``.</doc>
<msg timestamp="20230615 23:24:42.947" level="INFO">Current page contains text '"10 minutes"'.</msg>
<status status="PASS" starttime="20230615 23:24:41.907" endtime="20230615 23:24:42.948"/>
</kw>
<kw name="Page Should Contain" library="SeleniumLibrary">
<arg>"15 minutes"</arg>
<doc>Verifies that current page contains ``text``.</doc>
<msg timestamp="20230615 23:24:43.987" level="INFO">Current page contains text '"15 minutes"'.</msg>
<status status="PASS" starttime="20230615 23:24:42.948" endtime="20230615 23:24:43.988"/>
</kw>
<kw name="Page Should Contain" library="SeleniumLibrary">
<arg>"30 minutes"</arg>
<doc>Verifies that current page contains ``text``.</doc>
<msg timestamp="20230615 23:24:45.030" level="INFO">Current page contains text '"30 minutes"'.</msg>
<status status="PASS" starttime="20230615 23:24:43.988" endtime="20230615 23:24:45.030"/>
</kw>
<kw name="Page Should Contain" library="SeleniumLibrary">
<arg>"60 minutes"</arg>
<doc>Verifies that current page contains ``text``.</doc>
<msg timestamp="20230615 23:24:46.073" level="INFO">Current page contains text '"60 minutes"'.</msg>
<status status="PASS" starttime="20230615 23:24:45.030" endtime="20230615 23:24:46.073"/>
</kw>
<status status="PASS" starttime="20230615 23:22:44.692" endtime="20230615 23:24:46.074"/>
</test>
<doc>single test for login</doc>
<status status="PASS" starttime="20230615 23:22:44.581" endtime="20230615 23:24:46.075"/>
</suite>
<statistics>
<total>
<stat pass="1" fail="0" skip="0">All Tests</stat>
</total>
<tag>
</tag>
<suite>
<stat pass="1" fail="0" skip="0" id="s1" name="Task 5">Task 5</stat>
</suite>
</statistics>
<errors>
</errors>
</robot>
